17:02:33.584 [main] INFO  org.testng.internal.Utils - [Utils] MethodGroupsHelper.sortMethods() took 0 ms.
17:02:33.592 [main] INFO  org.testng.internal.Utils - [Utils] MethodGroupsHelper.collectMethodsByGroup() took 0 ms.
17:02:33.592 [main] INFO  org.testng.internal.Utils - [Utils] MethodGroupsHelper.sortMethods() took 0 ms.
17:02:33.592 [main] INFO  org.testng.internal.Utils - [Utils] MethodGroupsHelper.collectMethodsByGroup() took 0 ms.
17:02:33.593 [main] INFO  org.testng.internal.Utils - [Utils] MethodGroupsHelper.sortMethods() took 1 ms.
17:02:33.597 [main] INFO  org.testng.internal.Utils - [Utils] MethodGroupsHelper.collectMethodsByGroup() took 0 ms.
17:02:33.602 [main] INFO  org.testng.internal.Utils - [Utils] MethodGroupsHelper.sortMethods() took 0 ms.
17:02:33.602 [main] INFO  org.testng.internal.Utils - [Utils] MethodGroupsHelper.collectMethodsByGroup() took 0 ms.
17:02:33.602 [main] INFO  org.testng.internal.Utils - [Utils] MethodGroupsHelper.sortMethods() took 0 ms.
17:02:33.604 [main] INFO  org.testng.internal.Utils - [Utils] MethodGroupsHelper.collectMethodsByGroup() took 1 ms.
17:02:33.604 [main] INFO  org.testng.internal.Utils - [Utils] MethodGroupsHelper.sortMethods() took 0 ms.
17:02:33.605 [main] INFO  org.testng.internal.Utils - [Utils] MethodGroupsHelper.collectMethodsByGroup() took 0 ms.
17:02:33.606 [main] INFO  org.testng.internal.Utils - [Utils] MethodGroupsHelper.sortMethods() took 0 ms.
17:02:33.606 [main] INFO  org.testng.internal.Utils - [Utils] MethodGroupsHelper.collectMethodsByGroup() took 0 ms.
17:02:33.606 [main] INFO  org.testng.internal.Utils - [Utils] MethodGroupsHelper.sortMethods() took 0 ms.
17:02:33.615 [main] INFO  org.testng.internal.Utils - [TestNG] Running:
  C:\Users\HP\AppData\Local\Temp\testng-eclipse--19940042\testng-customsuite.xml

17:02:33.634 [main] INFO  org.testng.internal.Utils - [Utils] DynamicGraphHelper.createDynamicGraph() took 3 ms.
17:02:47.039 [main] INFO  testcases.TC001_AccountRegistrationTest - *****Starting TC001_AccountRegistrationTest *****
17:02:47.221 [main] INFO  testcases.TC001_AccountRegistrationTest - Clicked on MyAccount link
17:02:49.095 [main] INFO  testcases.TC001_AccountRegistrationTest - Clicked on Register link
17:02:49.099 [main] INFO  testcases.TC001_AccountRegistrationTest - Providing customer details
17:02:50.986 [main] INFO  org.testng.internal.Utils - [TestNG] Time taken by org.testng.reporters.jq.Main@f2e4acf: 64 ms
17:02:50.996 [main] INFO  org.testng.internal.Utils - [TestNG] Time taken by org.testng.reporters.FailedReporter@61799544: 10 ms
17:02:51.005 [main] INFO  org.testng.internal.Utils - [TestNG] Time taken by org.testng.reporters.XMLReporter@4f186450: 8 ms
17:02:51.014 [main] INFO  org.testng.internal.Utils - [TestNG] Time taken by org.testng.reporters.EmailableReporter2@29f0c4f2: 9 ms
17:02:51.022 [main] INFO  org.testng.internal.Utils - [TestNG] Time taken by org.testng.reporters.JUnitReportReporter@70e3f36f: 7 ms
17:02:51.022 [main] INFO  org.testng.internal.Utils - [TestNG] Time taken by org.testng.internal.ExitCodeListener@49601f82: 0 ms
17:20:30.893 [main] DEBUG org.testng.TestNG - suiteXmlPath: "C:\Users\HP\eclipse-workspace\Opencart\master.xml"
17:20:31.180 [main] INFO  org.testng.internal.Utils - [TestNG] Running:
  C:\Users\HP\eclipse-workspace\Opencart\master.xml

17:21:01.468 [main] INFO  testcases.TC001_AccountRegistrationTest - *****Starting TC001_AccountRegistrationTest *****
17:21:01.682 [main] INFO  testcases.TC001_AccountRegistrationTest - Clicked on MyAccount link
17:21:02.516 [main] INFO  testcases.TC001_AccountRegistrationTest - Clicked on Register link
17:21:02.518 [main] INFO  testcases.TC001_AccountRegistrationTest - Providing customer details
17:26:55.663 [main] DEBUG org.testng.TestNG - suiteXmlPath: "C:\Users\HP\eclipse-workspace\Opencart\master.xml"
17:26:55.966 [main] INFO  org.testng.internal.Utils - [TestNG] Running:
  C:\Users\HP\eclipse-workspace\Opencart\master.xml

17:28:07.395 [main] INFO  testcases.TC001_AccountRegistrationTest - *****Starting TC001_AccountRegistrationTest *****
17:28:07.626 [main] INFO  testcases.TC001_AccountRegistrationTest - Clicked on MyAccount link
17:28:09.147 [main] INFO  testcases.TC001_AccountRegistrationTest - Clicked on Register link
17:28:09.150 [main] INFO  testcases.TC001_AccountRegistrationTest - Providing customer details
17:28:35.592 [main] INFO  testcases.TC001_AccountRegistrationTest - *****Starting TC001_AccountRegistrationTest *****
17:28:36.024 [main] INFO  testcases.TC001_AccountRegistrationTest - Clicked on MyAccount link
17:28:38.352 [main] INFO  testcases.TC001_AccountRegistrationTest - Clicked on Register link
17:28:38.353 [main] INFO  testcases.TC001_AccountRegistrationTest - Providing customer details
17:29:49.646 [main] INFO  testcases.TC001_AccountRegistrationTest - *****Starting TC001_AccountRegistrationTest *****
17:29:53.022 [main] INFO  testcases.TC001_AccountRegistrationTest - Clicked on MyAccount link
